<?xml version="1.0" encoding="UTF-8"?>
<!-- Generated by org.testng.reporters.JUnitReportReporter -->
<testsuite hostname="LAPTOP-QUT8TOQC" failures="0" tests="2" name="testNG.TestCase9" time="0.011" errors="0" timestamp="2021-10-28T11:35:23 IST" skipped="1">
  <testcase classname="testNG.TestCase9" name="a3" time="0.011"/>
  <system-out/>
  <testcase classname="testNG.TestCase9" name="a1">
    <skipped/>
  </testcase> <!-- a1 -->
  <system-out/>
</testsuite> <!-- testNG.TestCase9 -->
