<?xml version="1.0" encoding="UTF-8"?>
<!-- Generated by org.testng.reporters.JUnitReportReporter -->
<testsuite hostname="LAPTOP-QUT8TOQC" failures="0" tests="1" name="testNG.Ajio" time="103.625" errors="0" timestamp="2021-10-30T12:42:23 IST" skipped="0">
  <testcase classname="testNG.Ajio" name="ajio" time="103.625"/>
  <system-out/>
</testsuite> <!-- testNG.Ajio -->
