<?xml version="1.0" encoding="UTF-8"?>
<!-- Generated by org.testng.reporters.JUnitReportReporter -->
<testsuite hostname="LAPTOP-QUT8TOQC" failures="0" tests="1" name="testNG.TestCase11" time="0.012" errors="0" timestamp="2021-10-28T11:44:30 IST" skipped="0">
  <testcase classname="testNG.TestCase11" name="login" time="0.012"/>
  <system-out>
    <![CDATA[test case id is 01
test case is displayed]]>
  </system-out>
</testsuite> <!-- testNG.TestCase11 -->
