<?xml version="1.0" encoding="UTF-8"?>
<!-- Generated by org.testng.reporters.JUnitReportReporter -->
<testsuite hostname="LAPTOP-QUT8TOQC" failures="0" tests="2" name="testNG.Group2" time="0.003" errors="0" timestamp="2021-10-29T10:50:21 IST" skipped="0">
  <testcase classname="testNG.Group2" name="sample" time="0.002"/>
  <system-out/>
  <testcase classname="testNG.Group2" name="sample1" time="0.001"/>
  <system-out/>
</testsuite> <!-- testNG.Group2 -->
