<?xml version="1.0" encoding="UTF-8"?>
<!-- Generated by org.testng.reporters.JUnitReportReporter -->
<testsuite hostname="LAPTOP-QUT8TOQC" failures="0" tests="3" name="testNG.TestCase6" time="0.005" errors="0" timestamp="2021-10-28T12:32:08 IST" skipped="0">
  <testcase classname="testNG.TestCase6" name="a1" time="0.002"/>
  <system-out/>
  <testcase classname="testNG.TestCase6" name="b1" time="0.001"/>
  <system-out/>
  <testcase classname="testNG.TestCase6" name="c1" time="0.002"/>
  <system-out/>
</testsuite> <!-- testNG.TestCase6 -->
