<?xml version="1.0" encoding="UTF-8"?>
<!-- Generated by org.testng.reporters.JUnitReportReporter -->
<testsuite hostname="LAPTOP-QUT8TOQC" failures="0" tests="1" name="testNG.PassTheDataFromTestNgFile" time="38.866" errors="0" timestamp="2021-10-29T10:23:24 IST" skipped="0">
  <testcase classname="testNG.PassTheDataFromTestNgFile" name="actiTime" time="38.866"/>
  <system-out/>
</testsuite> <!-- testNG.PassTheDataFromTestNgFile -->
