<?xml version="1.0" encoding="UTF-8"?>
<!-- Generated by org.testng.reporters.JUnitReportReporter -->
<testsuite hostname="LAPTOP-QUT8TOQC" failures="0" tests="1" name="testNG.HardAssert" time="0.016" errors="0" timestamp="2021-11-01T10:09:00 IST" skipped="0">
  <testcase classname="testNG.HardAssert" name="Hard" time="0.016"/>
  <system-out/>
</testsuite> <!-- testNG.HardAssert -->
