<?xml version="1.0" encoding="UTF-8"?>
<!-- Generated by org.testng.reporters.JUnitReportReporter -->
<testsuite hostname="LAPTOP-QUT8TOQC" failures="0" tests="3" name="testNG.TestCase7" time="0.018" errors="0" timestamp="2021-10-28T12:32:09 IST" skipped="0">
  <testcase classname="testNG.TestCase7" name="b1" time="0.005"/>
  <system-out/>
  <testcase classname="testNG.TestCase7" name="a1" time="0.010"/>
  <system-out/>
  <testcase classname="testNG.TestCase7" name="c1" time="0.003"/>
  <system-out/>
</testsuite> <!-- testNG.TestCase7 -->
