<?xml version="1.0" encoding="UTF-8"?>
<!-- Generated by org.testng.reporters.JUnitReportReporter -->
<testsuite hostname="LAPTOP-QUT8TOQC" failures="0" tests="3" name="testNG.TestCase5" time="0.006" errors="0" timestamp="2021-10-28T12:32:09 IST" skipped="0">
  <testcase classname="testNG.TestCase5" name="b1" time="0.002"/>
  <system-out/>
  <testcase classname="testNG.TestCase5" name="a1" time="0.003"/>
  <system-out/>
  <testcase classname="testNG.TestCase5" name="c1" time="0.001"/>
  <system-out/>
</testsuite> <!-- testNG.TestCase5 -->
