<?xml version="1.0" encoding="UTF-8"?>
<!-- Generated by org.testng.reporters.JUnitReportReporter -->
<testsuite hostname="LAPTOP-QUT8TOQC" failures="0" tests="3" name="testNG.TestCase3" time="129.952" errors="0" timestamp="2021-10-29T09:35:47 IST" skipped="0">
  <testcase classname="testNG.TestCase3" name="demo2" time="53.093"/>
  <system-out/>
  <testcase classname="testNG.TestCase3" name="demo2" time="23.766"/>
  <system-out/>
  <testcase classname="testNG.TestCase3" name="demo2" time="53.093"/>
  <system-out/>
</testsuite> <!-- testNG.TestCase3 -->
