<?xml version="1.0" encoding="UTF-8"?>
<!-- Generated by org.testng.reporters.JUnitReportReporter -->
<testsuite hostname="LAPTOP-QUT8TOQC" failures="0" tests="1" name="testNG.Group1" time="0.012" errors="0" timestamp="2021-10-29T10:51:04 IST" skipped="0">
  <testcase classname="testNG.Group1" name="sample1" time="0.012"/>
  <system-out/>
</testsuite> <!-- testNG.Group1 -->
